commit 2d8a7c4a2238a3af6917672f2df746acbb2d2aff
Author: Rachel Seals <rach.e.seals@outlook.com>
Date:   Mon Feb 14 08:40:46 2022 -0600

    delete duplicate app.js

commit 36ca17acefab6e1891625252cabb791c4d531eec
Author: Rachel Seals <rach.e.seals@outlook.com>
Date:   Mon Feb 14 08:39:41 2022 -0600

    Start components

commit 7c073b02d852a0158d32f7396bdfc89adc5143a0
Author: Rachel Seals <rach.e.seals@outlook.com>
Date:   Wed Feb 9 08:29:58 2022 -0600

    rearranging files

commit d6b2ab860e3aa5dcbc2ae3e55f910ee63af411ea
Author: Rachel Seals <rach.e.seals@outlook.com>
Date:   Wed Feb 9 06:40:54 2022 -0600

    adding base HTML files

commit 53331abebb05fef5d8475dc8d70abbe66156e628
Author: Rachel Seals <rach.e.seals@outlook.com>
Date:   Wed Feb 9 06:36:40 2022 -0600

    initial commit

commit 65533eb8df7b064064c2255cef6459ca6f74f176
Author: Rachel Seals <rach.e.seals@outlook.com>
Date:   Mon Feb 7 18:26:16 2022 -0600

    readme updated

commit 1c81a0d38c07741c3bb17df4726ee311cf222435
Author: Rachel Seals <rach.e.seals@outlook.com>
Date:   Mon Feb 7 18:22:37 2022 -0600

    .

commit f88c362d7ac1df5d09415ea883721956c10b22d4
Author: Rachel Seals <rach.e.seals@outlook.com>
Date:   Mon Feb 7 18:22:11 2022 -0600

    JS assignment - Not attempted - Please see readme.md

commit d0ef0456836540a8a0ffef2d6601e66032d2ff23
Author: Rachel Seals <rach.e.seals@outlook.com>
Date:   Wed Feb 2 09:01:08 2022 -0600

    JS Resources moved

commit 6fec92f13d8494890a2ed3c4c858e6a79b977482
Author: Rachel Seals <rach.e.seals@outlook.com>
Date:   Wed Feb 2 05:43:24 2022 -0600

    Final product

commit a2fb0bf2ab5d5780418044b9d6cab1e6c1aa0e1e
Author: Rachel Seals <rach.e.seals@outlook.com>
Date:   Tue Feb 1 21:53:46 2022 -0600

    update name/em second PC

commit 6b00b1a1f43c2609ef2a99f8f616c43d0da7a3fe
Author: Seals <Rachel.E.Seals@nordstrom.com>
Date:   Tue Feb 1 21:46:31 2022 -0600

    buttons corrected

commit 129144c98942a99683f7424791cacc22aa9b6f39
Author: Rachel Seals <rach.e.seals@outlook.com>
Date:   Tue Feb 1 20:19:39 2022 -0600

    New log file

commit 58dde479672dbf01e7518d14a269b8cc13f43c77
Author: Rachel Seals <rach.e.seals@outlook.com>
Date:   Tue Feb 1 20:18:35 2022 -0600

    committing for move to alt PC

commit d0d7f5a014f39f38cd37e8189ba52c9dd3c67275
Author: Rachel Seals <rach.e.seals@outlook.com>
Date:   Tue Feb 1 08:42:49 2022 -0600

    Starting mobile

commit 4896eb6c7caa0a7dcbb3141382fc30ebbb06740f
Author: Rachel Seals <rach.e.seals@outlook.com>
Date:   Mon Jan 31 18:43:59 2022 -0600

    Mobile complete

commit 4a9f320f0b335ba3268e1789429f665b8978666c
Author: Rachel Seals <rach.e.seals@outlook.com>
Date:   Mon Jan 31 17:56:56 2022 -0600

    font formatting

commit f15817e34476b67ca3421faffffb3c2f9ead5075
Author: Rachel Seals <rach.e.seals@outlook.com>
Date:   Mon Jan 31 17:33:19 2022 -0600

    Color added

commit ccade0249e63d4a480292283a6a7540b3f9aa965
Author: Rachel Seals <rach.e.seals@outlook.com>
Date:   Mon Jan 31 17:03:40 2022 -0600

    Moving files

commit 33f8070b7f576e1854aacd79f52da8eb7dd64dd0
Author: Rachel Seals <rach.e.seals@outlook.com>
Date:   Mon Jan 31 17:02:54 2022 -0600

    Files moved

commit 5f6d6a28a304be0b4505d1dd04fbf4b0d0c2d0d9
Author: Rachel Seals <rach.e.seals@outlook.com>
Date:   Mon Jan 31 17:01:29 2022 -0600

    stylesheet added

commit dec022871ee4108dd9e28920f7cfd9abaf1a76f5
Author: Rachel Seals <rach.e.seals@outlook.com>
Date:   Sat Jan 29 23:43:39 2022 -0600

    Minor code formatting.

commit 64330839e59255d82d69d29a180cf2312ed11806
Author: Rachel Seals <rach.e.seals@outlook.com>
Date:   Sat Jan 29 23:26:43 2022 -0600

    Starting commit

commit 1b7805fedf30386c6632542b1d90018cd0b6191c
Author: Rachel Seals <rach.e.seals@outlook.com>
Date:   Wed Jan 26 18:29:34 2022 -0600

    No changes commit

commit 63d5e755407ce2f379bfdce1ef7a3318100ffb8f
Author: Rachel Seals <rach.e.seals@outlook.com>
Date:   Wed Jan 26 18:09:53 2022 -0600

    step 46, latest > undo-reset branch

commit 7c48b673a76911ff83fc67ed3b6a7411fe314fa4
Author: Rachel Seals <rach.e.seals@outlook.com>
Date:   Wed Jan 26 17:49:07 2022 -0600

    add notes re step 32 & 33

commit 861805e05d2fe452824be9bed775fbdb9c84e4e4
Merge: cf911f0 e62f28d
Author: Rachel Seals <rach.e.seals@outlook.com>
Date:   Wed Jan 26 17:35:06 2022 -0600

    Merge branch 'updated-title' into develop

commit e62f28debfaa569bf602082a9a7638093fa4f865
Author: Rachel Seals <rach.e.seals@outlook.com>
Date:   Wed Jan 26 17:23:32 2022 -0600

    step 20, update title

commit cf911f02d0f2650d5e78f02a2b37e6b06ded0702
Author: Rachel Seals <rach.e.seals@outlook.com>
Date:   Wed Jan 26 17:16:22 2022 -0600

    add new body > index.html

commit cd16965e9624415d88e5fd85c85fbf0f66954849
Author: Rachel Seals <rach.e.seals@outlook.com>
Date:   Wed Jan 26 17:07:41 2022 -0600

    initial commit > index.html

commit 818a51ee87fdaf083f4ea00b412c0895113f11df
Author: Rachel Seals <rach.e.seals@outlook.com>
Date:   Wed Jan 26 04:50:07 2022 -0600

    deleting extra index file

commit efbca7253804b2589e56f08e35830ca8a12a69e5
Author: Rachel Seals <rach.e.seals@outlook.com>
Date:   Wed Jan 26 04:31:18 2022 -0600

    commit index.html

commit 0f93f1bed4e8cedf91d336304e2da163b61346c6
Author: reseal16 <98142317+reseal16@users.noreply.github.com>
Date:   Wed Jan 26 03:30:30 2022 -0600

    Initial commit
